/*C16*/SET SCHEMA PUBLIC
DISCONNECT
/*C17*/SET SCHEMA PUBLIC
INSERT INTO PRODUTO VALUES(21,'TV','32 Polegadas')
INSERT INTO PRODUTO VALUES(22,'Smartphone Motorola','G5 Plus')
INSERT INTO PRODUTO VALUES(23,'Smartphone Samsung','7')
COMMIT
SET SCHEMA PUBLIC
DISCONNECT
/*C18*/SET SCHEMA PUBLIC
DISCONNECT
/*C19*/SET SCHEMA PUBLIC
INSERT INTO PRODUTO VALUES(24,'produto qualquer','descri\u00e7\u00e3o qualquer')
COMMIT
SET SCHEMA PUBLIC
DISCONNECT
/*C21*/SET SCHEMA PUBLIC
DELETE FROM PRODUTO WHERE ID=18
DELETE FROM PRODUTO WHERE ID=19
DELETE FROM PRODUTO WHERE ID=20
DELETE FROM PRODUTO WHERE ID=21
DELETE FROM PRODUTO WHERE ID=22
DELETE FROM PRODUTO WHERE ID=23
DELETE FROM PRODUTO WHERE ID=24
COMMIT
SET SCHEMA PUBLIC
DISCONNECT
/*C22*/SET SCHEMA PUBLIC
INSERT INTO PRODUTO VALUES(25,'produto qualquer','descri\u00e7\u00e3o qualquer')
COMMIT
SET SCHEMA PUBLIC
DISCONNECT
/*C23*/SET SCHEMA PUBLIC
INSERT INTO PRODUTO VALUES(26,'produto qualquer','descri\u00e7\u00e3o qualquer')
COMMIT
SET SCHEMA PUBLIC
DISCONNECT
/*C24*/SET SCHEMA PUBLIC
DELETE FROM PRODUTO WHERE ID=25
DELETE FROM PRODUTO WHERE ID=26
COMMIT
SET SCHEMA PUBLIC
DISCONNECT
/*C25*/SET SCHEMA PUBLIC
DISCONNECT
/*C26*/SET SCHEMA PUBLIC
DISCONNECT
/*C27*/SET SCHEMA PUBLIC
DISCONNECT
/*C28*/SET SCHEMA PUBLIC
DISCONNECT
/*C29*/SET SCHEMA PUBLIC
INSERT INTO PRODUTO VALUES(27,'produto qualquer','descri\u00e7\u00e3o qualquer')
COMMIT
SET SCHEMA PUBLIC
DISCONNECT
/*C30*/SET SCHEMA PUBLIC
INSERT INTO PRODUTO VALUES(28,'produto qualquer','descri\u00e7\u00e3o qualquer')
COMMIT
SET SCHEMA PUBLIC
DISCONNECT
/*C31*/SET SCHEMA PUBLIC
DELETE FROM PRODUTO WHERE ID=27
DELETE FROM PRODUTO WHERE ID=28
COMMIT
SET SCHEMA PUBLIC
DISCONNECT
/*C32*/SET SCHEMA PUBLIC
DISCONNECT
/*C20*/SET SCHEMA PUBLIC
DISCONNECT
/*C33*/SET SCHEMA PUBLIC
CREATE TABLE categoria (id INTEGER GENERATED BY DEFAULT AS IDENTITY PRIMARY KEY, nome VARCHAR(255))
alter table produto add column categoria_id INTEGER
INSERT INTO CATEGORIA VALUES(0,'Eletrodom\u00e9stico')
COMMIT
INSERT INTO CATEGORIA VALUES(1,'Eletr\u00f4nico')
COMMIT
INSERT INTO CATEGORIA VALUES(2,'M\u00f3vel')
COMMIT
/*C34*/SET SCHEMA PUBLIC
DISCONNECT
/*C35*/SET SCHEMA PUBLIC
INSERT INTO PRODUTO VALUES(29,'Fog\u00e3o Eletrolux','6 bocas',NULL)
COMMIT
INSERT INTO PRODUTO VALUES(30,'Geladeira Eletrolux','2 portas',NULL)
COMMIT
SET SCHEMA PUBLIC
DISCONNECT
/*C36*/SET SCHEMA PUBLIC
DELETE FROM PRODUTO WHERE ID=29
DELETE FROM PRODUTO WHERE ID=30
COMMIT
SET SCHEMA PUBLIC
DISCONNECT
/*C37*/SET SCHEMA PUBLIC
INSERT INTO PRODUTO VALUES(31,'Fog\u00e3o Eletrolux','6 bocas',NULL)
COMMIT
INSERT INTO PRODUTO VALUES(32,'Geladeira Eletrolux','2 portas',NULL)
COMMIT
INSERT INTO PRODUTO VALUES(33,'Criado-mudo','Duas gavetas',NULL)
COMMIT
SET SCHEMA PUBLIC
DISCONNECT
/*C33*/DELETE FROM PRODUTO WHERE ID=31
DELETE FROM PRODUTO WHERE ID=32
INSERT INTO PRODUTO VALUES(31,'Fog\u00e3o Eletrolux','6 bocas',0)
INSERT INTO PRODUTO VALUES(32,'Geladeira Eletrolux','2 portas',0)
COMMIT
DELETE FROM PRODUTO WHERE ID=1
INSERT INTO PRODUTO VALUES(1,'Smartphone Motorola','G5 Plus',1)
COMMIT
DELETE FROM PRODUTO WHERE ID=0
INSERT INTO PRODUTO VALUES(0,'TV','32 Polegadas',1)
COMMIT
DELETE FROM PRODUTO WHERE ID=33
INSERT INTO PRODUTO VALUES(33,'Criado-mudo','Duas gavetas',2)
COMMIT
DISCONNECT
/*C39*/SET SCHEMA PUBLIC
DISCONNECT
/*C40*/SET SCHEMA PUBLIC
DISCONNECT
/*C41*/SET SCHEMA PUBLIC
DISCONNECT
/*C42*/SET SCHEMA PUBLIC
DISCONNECT
/*C43*/SET SCHEMA PUBLIC
DISCONNECT
